<?xml version="1.0" encoding="UTF-8"?>
<testsuite name="WordsFrequencyAppTestSuite$TestFileReader" tests="1" skipped="0" failures="0" errors="0" timestamp="2021-12-01T20:17:58" hostname="DESKTOP-KN9BF3T" time="0.02">
  <properties/>
  <testcase name="testReadFile()" classname="WordsFrequencyAppTestSuite$TestFileReader" time="0.02"/>
  <system-out><![CDATA[]]></system-out>
  <system-err><![CDATA[]]></system-err>
</testsuite>
