<?xml version="1.0" encoding="UTF-8"?>
<testsuite name="WordsFrequencyAppTestSuite$TestFileReader" tests="2" skipped="0" failures="0" errors="0" timestamp="2021-11-27T14:44:38" hostname="DESKTOP-KN9BF3T" time="0.021">
  <properties/>
  <testcase name="testAbove5MBFile()" classname="WordsFrequencyAppTestSuite$TestFileReader" time="0.018"/>
  <testcase name="testReadFile()" classname="WordsFrequencyAppTestSuite$TestFileReader" time="0.002"/>
  <system-out><![CDATA[]]></system-out>
  <system-err><![CDATA[]]></system-err>
</testsuite>
